Error in setting kernel for deletion: Word جھوک not found in the word_dict
Error in setting kernel for deletion: Word ویکی not found in the word_dict
Error in setting kernel for deletion: Word سول not found in the word_dict
Error in setting kernel for insertion: Word جلتی not found in the word_dict
Error in setting kernel for deletion: Word المیال not found in the word_dict
Error in setting kernel for insertion: Word قانع not found in the word_dict
Error in setting kernel for insertion: Word غوں not found in the word_dict
Error in setting kernel for insertion: Word لام not found in the word_dict
Error in setting kernel for insertion: Word فروشیا not found in the word_dict
Error in setting kernel for deletion: Word فرسٹ not found in the word_dict
Error in setting kernel for insertion: Word سیڈ not found in the word_dict
Error in setting kernel for insertion: Word ج not found in the word_dict
Error in setting kernel for insertion: Word ۱۷۳۴ not found in the word_dict
Error in setting kernel for deletion: Word ۱۷۳۴ not found in the word_dict
Error in setting kernel for insertion: Word لاج not found in the word_dict
Error in setting kernel for deletion: Word گن not found in the word_dict
Error in setting kernel for deletion: Word سیون not found in the word_dict
Error in setting kernel for insertion: Word خندقوں not found in the word_dict
Error in setting kernel for deletion: Word ایڈن not found in the word_dict
Error in setting kernel for insertion: Word ساکوی not found in the word_dict
Error in setting kernel for deletion: Word ابو not found in the word_dict
Error in setting kernel for insertion: Word سپاہ not found in the word_dict
Error in setting kernel for deletion: Word اٹیں not found in the word_dict
Error in setting kernel for deletion: Word بھودیا not found in the word_dict
Error in setting kernel for insertion: Word جاتاہے not found in the word_dict
Error in setting kernel for deletion: Word جھوک not found in the word_dict
Error in setting kernel for deletion: Word ویکی not found in the word_dict
Error in setting kernel for deletion: Word سول not found in the word_dict
Error in setting kernel for insertion: Word جلتی not found in the word_dict
Error in setting kernel for deletion: Word جھوک not found in the word_dict
Error in setting kernel for deletion: Word ویکی not found in the word_dict
Error in setting kernel for deletion: Word سول not found in the word_dict
Error in setting kernel for insertion: Word جلتی not found in the word_dict
Error in setting kernel for deletion: Word المیال not found in the word_dict
Error in setting kernel for insertion: Word قانع not found in the word_dict
Error in setting kernel for insertion: Word غوں not found in the word_dict
Error in setting kernel for insertion: Word لام not found in the word_dict
Error in setting kernel for insertion: Word فروشیا not found in the word_dict
Error in setting kernel for deletion: Word فرسٹ not found in the word_dict
Error in setting kernel for insertion: Word سیڈ not found in the word_dict
Error in setting kernel for insertion: Word ج not found in the word_dict
Error in setting kernel for deletion: Word جوترا not found in the word_dict
Error in setting kernel for deletion: Word تھل not found in the word_dict
Error in setting kernel for deletion: Word لکھوترامان not found in the word_dict
Error in setting kernel for insertion: Word کاٹھ not found in the word_dict
Error in setting kernel for deletion: Word اعوان not found in the word_dict
Error in setting kernel for insertion: Word ہومیو not found in the word_dict
Error in setting kernel for insertion: Word مثل not found in the word_dict
Error in setting kernel for insertion: Word اٹک not found in the word_dict
Error in setting kernel for insertion: Word ۱۷۳۴ not found in the word_dict
Error in setting kernel for deletion: Word ۱۷۳۴ not found in the word_dict
Error in setting kernel for insertion: Word لاج not found in the word_dict
Error in setting kernel for deletion: Word گن not found in the word_dict
Error in setting kernel for deletion: Word سیون not found in the word_dict
Error in setting kernel for insertion: Word خندقوں not found in the word_dict
Error in setting kernel for deletion: Word ایڈن not found in the word_dict
Error in setting kernel for insertion: Word ساکوی not found in the word_dict
Error in setting kernel for deletion: Word ابو not found in the word_dict
Error in setting kernel for insertion: Word سپاہ not found in the word_dict
Error in setting kernel for deletion: Word اٹیں not found in the word_dict
Error in setting kernel for deletion: Word بھودیا not found in the word_dict
Error in setting kernel for insertion: Word جاتاہے not found in the word_dict
Error in setting kernel for deletion: Word جھوک not found in the word_dict
Error in setting kernel for deletion: Word ویکی not found in the word_dict
Error in setting kernel for deletion: Word سول not found in the word_dict
Error in setting kernel for insertion: Word جلتی not found in the word_dict
Error in setting kernel for deletion: Word المیال not found in the word_dict
Error in setting kernel for insertion: Word قانع not found in the word_dict
Error in setting kernel for insertion: Word غوں not found in the word_dict
Error in setting kernel for insertion: Word لام not found in the word_dict
Error in setting kernel for insertion: Word فروشیا not found in the word_dict
Error in setting kernel for deletion: Word فرسٹ not found in the word_dict
Error in setting kernel for insertion: Word سیڈ not found in the word_dict
Error in setting kernel for insertion: Word ج not found in the word_dict
Error in setting kernel for deletion: Word جوترا not found in the word_dict
Error in setting kernel for deletion: Word تھل not found in the word_dict
Error in setting kernel for deletion: Word لکھوترامان not found in the word_dict
Error in setting kernel for insertion: Word کاٹھ not found in the word_dict
Error in setting kernel for deletion: Word اعوان not found in the word_dict
Error in setting kernel for insertion: Word ہومیو not found in the word_dict
Error in setting kernel for insertion: Word مثل not found in the word_dict
Error in setting kernel for insertion: Word اٹک not found in the word_dict
Error in setting kernel for insertion: Word وارنگٹن not found in the word_dict
Error in setting kernel for deletion: Word بکنگھم not found in the word_dict
Error in setting kernel for deletion: Word سشیہ not found in the word_dict
Error in setting kernel for insertion: Word آر۱۱ not found in the word_dict
Error in setting kernel for deletion: Word ۱۹۰ not found in the word_dict
Error in setting kernel for deletion: Word شہداد not found in the word_dict
Error in setting kernel for deletion: Word شہداد not found in the word_dict
Error in setting kernel for insertion: Word دستے not found in the word_dict
Error in setting kernel for deletion: Word کوفی not found in the word_dict
Error in setting kernel for insertion: Word ہرابھرا not found in the word_dict
Error in setting kernel for deletion: Word اعل not found in the word_dict
Error in setting kernel for insertion: Word دارارقم not found in the word_dict
Error in setting kernel for insertion: Word کولوں not found in the word_dict
Error in setting kernel for insertion: Word والدہیں not found in the word_dict
Error in setting kernel for insertion: Word ۲۰۰۷ not found in the word_dict
Error in setting kernel for insertion: Word ۲۰۰۷ not found in the word_dict
Error in setting kernel for insertion: Word نارتھمپٹن not found in the word_dict
Error in setting kernel for insertion: Word شائر not found in the word_dict
Error in setting kernel for insertion: Word بنتوٹ not found in the word_dict
Error in setting kernel for insertion: Word فنی not found in the word_dict
Error in setting kernel for insertion: Word کول not found in the word_dict
Error in setting kernel for insertion: Word سماجتن not found in the word_dict
Error in setting kernel for insertion: Word آکول not found in the word_dict
Error in setting kernel for deletion: Word خاشق not found in the word_dict
Error in setting kernel for insertion: Word تحا not found in the word_dict
Error in setting kernel for insertion: Word ٹیسٹ not found in the word_dict
Error in setting kernel for deletion: Word چربھجا not found in the word_dict
Error in setting kernel for insertion: Word کول not found in the word_dict
Error in setting kernel for insertion: Word کولز not found in the word_dict
Error in setting kernel for deletion: Word کمبر not found in the word_dict
Error in setting kernel for deletion: Word ماجی not found in the word_dict
Error in setting kernel for deletion: Word غزل not found in the word_dict
Error in setting kernel for insertion: Word ہیئت not found in the word_dict
Error in setting kernel for insertion: Word کول not found in the word_dict
Error in setting kernel for deletion: Word طلوی not found in the word_dict
Error in setting kernel for deletion: Word عزاداری not found in the word_dict
Error in setting kernel for deletion: Word عبدل not found in the word_dict
Error in setting kernel for insertion: Word وارو not found in the word_dict
Error in setting kernel for insertion: Word ٹینا not found in the word_dict
Error in setting kernel for deletion: Word ۲۰۱۹کو not found in the word_dict
Error in setting kernel for deletion: Word کوی not found in the word_dict
Error in setting kernel for deletion: Word ایرس not found in the word_dict
Error in setting kernel for insertion: Word وائرس not found in the word_dict
Error in setting kernel for insertion: Word وائرس not found in the word_dict
Error in setting kernel for insertion: Word ہریا not found in the word_dict
Error in setting kernel for insertion: Word ہریا not found in the word_dict
Error in setting kernel for deletion: Word زنانہ not found in the word_dict
Error in setting kernel for deletion: Word مٹھ not found in the word_dict
Error in setting kernel for insertion: Word ناول not found in the word_dict
Error in setting kernel for insertion: Word ابو not found in the word_dict
Error in setting kernel for insertion: Word دوڑیں not found in the word_dict
Error in setting kernel for insertion: Word برد not found in the word_dict
Error in setting kernel for insertion: Word کینٹر not found in the word_dict
Error in setting kernel for deletion: Word سبن not found in the word_dict
Error in setting kernel for deletion: Word حیوہ not found in the word_dict
Error in setting kernel for insertion: Word مقدم not found in the word_dict
Error in setting kernel for insertion: Word در not found in the word_dict
Error in setting kernel for insertion: Word ریپٹن not found in the word_dict
Error in setting kernel for deletion: Word پٹکتاوں not found in the word_dict
Error in setting kernel for insertion: Word صوفیا not found in the word_dict
Error in setting kernel for deletion: Word دلتوں not found in the word_dict
Error in setting kernel for deletion: Word ملن not found in the word_dict
Error in setting kernel for deletion: Word الجب not found in the word_dict
Error in setting kernel for insertion: Word ابو not found in the word_dict
Error in setting kernel for insertion: Word بحراس not found in the word_dict
Error in setting kernel for insertion: Word یارڈ not found in the word_dict
Error in setting kernel for insertion: Word ڈون not found in the word_dict
Error in setting kernel for insertion: Word سالا not found in the word_dict
Error in setting kernel for insertion: Word پیک not found in the word_dict
Error in setting kernel for deletion: Word ریسمر not found in the word_dict
Error in setting kernel for deletion: Word تلا not found in the word_dict
Error in setting kernel for deletion: Word امامحسن not found in the word_dict
Error in setting kernel for insertion: Word ۲۰۱۸ not found in the word_dict
Error in setting kernel for deletion: Word کو۸ not found in the word_dict
Error in setting kernel for deletion: Word ست not found in the word_dict
Error in setting kernel for insertion: Word لاس not found in the word_dict
Error in setting kernel for deletion: Word یو۸۲ not found in the word_dict
Error in setting kernel for insertion: Word امروت not found in the word_dict
Error in setting kernel for deletion: Word سائی۱۶ not found in the word_dict
Error in setting kernel for insertion: Word مدرذباب not found in the word_dict
Error in setting kernel for insertion: Word میٹا not found in the word_dict
Error in setting kernel for deletion: Word متردی not found in the word_dict
Error in setting kernel for insertion: Word ہا not found in the word_dict
Error in setting kernel for deletion: Word خطاطیا not found in the word_dict
Error in setting kernel for deletion: Word اوڈیشا not found in the word_dict
Error in setting kernel for insertion: Word جلسوں not found in the word_dict
Error in setting kernel for insertion: Word جات not found in the word_dict
Error in setting kernel for deletion: Word خانے not found in the word_dict
Error in setting kernel for insertion: Word وینونا not found in the word_dict
Error in setting kernel for insertion: Word نجی not found in the word_dict
Error in setting kernel for insertion: Word نین not found in the word_dict
Error in setting kernel for deletion: Word اتا not found in the word_dict
Error in setting kernel for insertion: Word مارو not found in the word_dict
Error in setting kernel for deletion: Word پوشی not found in the word_dict
Error in setting kernel for insertion: Word ۳۰۷۱۰ not found in the word_dict
